{"/Users/g.o/Documents/space-pkg/tedis/src/main.ts": {"path":"/Users/g.o/Documents/space-pkg/tedis/src/main.ts","statementMap":{"0":{"start":{"line":1,"column":0},"end":{"line":1,"column":56}},"1":{"start":{"line":3,"column":0},"end":{"line":3,"column":60}},"2":{"start":{"line":4,"column":0},"end":{"line":4,"column":57}},"3":{"start":{"line":5,"column":0},"end":{"line":5,"column":60}},"4":{"start":{"line":6,"column":0},"end":{"line":6,"column":57}},"5":{"start":{"line":7,"column":0},"end":{"line":7,"column":66}},"6":{"start":{"line":8,"column":0},"end":{"line":8,"column":60}},"7":{"start":{"line":23,"column":2},"end":{"line":27,"column":5}},"8":{"start":{"line":24,"column":4},"end":{"line":26,"column":7}},"9":{"start":{"line":25,"column":7},"end":{"line":25,"column":60}},"10":{"start":{"line":28,"column":2},"end":{"line":28,"column":22}},"11":{"start":{"line":31,"column":20},"end":{"line":38,"column":2}},"12":{"start":{"line":42,"column":9},"end":{"line":42,"column":14}}},"fnMap":{"0":{"name":"Mixins","decl":{"start":{"line":21,"column":9},"end":{"line":21,"column":15}},"loc":{"start":{"line":21,"column":28},"end":{"line":29,"column":1}}},"1":{"name":"(anonymous_1)","decl":{"start":{"line":23,"column":16},"end":{"line":23,"column":17}},"loc":{"start":{"line":23,"column":25},"end":{"line":27,"column":3}}},"2":{"name":"(anonymous_2)","decl":{"start":{"line":24,"column":44},"end":{"line":24,"column":45}},"loc":{"start":{"line":24,"column":53},"end":{"line":26,"column":5}}}},"branchMap":{},"s":{"0":1,"1":1,"2":1,"3":1,"4":1,"5":1,"6":1,"7":1,"8":6,"9":105,"10":1,"11":1,"12":1},"f":{"0":1,"1":6,"2":105},"b":{}}
,"/Users/g.o/Documents/space-pkg/tedis/src/common/base.ts": {"path":"/Users/g.o/Documents/space-pkg/tedis/src/common/base.ts","statementMap":{"0":{"start":{"line":1,"column":0},"end":{"line":1,"column":21}},"1":{"start":{"line":2,"column":0},"end":{"line":2,"column":37}},"2":{"start":{"line":15,"column":4},"end":{"line":15,"column":49}},"3":{"start":{"line":16,"column":4},"end":{"line":16,"column":36}},"4":{"start":{"line":17,"column":4},"end":{"line":17,"column":25}},"5":{"start":{"line":18,"column":4},"end":{"line":21,"column":7}},"6":{"start":{"line":20,"column":6},"end":{"line":20,"column":25}},"7":{"start":{"line":22,"column":4},"end":{"line":24,"column":7}},"8":{"start":{"line":25,"column":4},"end":{"line":28,"column":7}},"9":{"start":{"line":27,"column":6},"end":{"line":27,"column":21}},"10":{"start":{"line":29,"column":4},"end":{"line":31,"column":7}},"11":{"start":{"line":32,"column":4},"end":{"line":34,"column":7}},"12":{"start":{"line":40,"column":4},"end":{"line":40,"column":23}},"13":{"start":{"line":43,"column":4},"end":{"line":49,"column":7}},"14":{"start":{"line":44,"column":6},"end":{"line":46,"column":9}},"15":{"start":{"line":45,"column":8},"end":{"line":45,"column":41}},"16":{"start":{"line":47,"column":18},"end":{"line":47,"column":54}},"17":{"start":{"line":48,"column":6},"end":{"line":48,"column":30}},"18":{"start":{"line":52,"column":4},"end":{"line":52,"column":31}},"19":{"start":{"line":54,"column":4},"end":{"line":63,"column":5}},"20":{"start":{"line":55,"column":6},"end":{"line":55,"column":29}},"21":{"start":{"line":56,"column":6},"end":{"line":58,"column":7}},"22":{"start":{"line":57,"column":8},"end":{"line":57,"column":14}},"23":{"start":{"line":59,"column":7},"end":{"line":62,"column":8}},"24":{"start":{"line":10,"column":0},"end":{"line":65,"column":1}}},"fnMap":{"0":{"name":"(anonymous_1)","decl":{"start":{"line":14,"column":2},"end":{"line":14,"column":13}},"loc":{"start":{"line":14,"column":30},"end":{"line":35,"column":3}}},"1":{"name":"(anonymous_2)","decl":{"start":{"line":18,"column":31},"end":{"line":18,"column":33}},"loc":{"start":{"line":18,"column":36},"end":{"line":21,"column":5}}},"2":{"name":"(anonymous_3)","decl":{"start":{"line":22,"column":31},"end":{"line":22,"column":33}},"loc":{"start":{"line":22,"column":36},"end":{"line":24,"column":5}}},"3":{"name":"(anonymous_4)","decl":{"start":{"line":25,"column":28},"end":{"line":25,"column":29}},"loc":{"start":{"line":25,"column":36},"end":{"line":28,"column":5}}},"4":{"name":"(anonymous_5)","decl":{"start":{"line":29,"column":27},"end":{"line":29,"column":29}},"loc":{"start":{"line":29,"column":32},"end":{"line":31,"column":5}}},"5":{"name":"(anonymous_6)","decl":{"start":{"line":32,"column":29},"end":{"line":32,"column":31}},"loc":{"start":{"line":32,"column":34},"end":{"line":34,"column":5}}},"6":{"name":"(anonymous_7)","decl":{"start":{"line":36,"column":9},"end":{"line":36,"column":10}},"loc":{"start":{"line":36,"column":44},"end":{"line":38,"column":3}}},"7":{"name":"(anonymous_8)","decl":{"start":{"line":39,"column":9},"end":{"line":39,"column":13}},"loc":{"start":{"line":39,"column":14},"end":{"line":41,"column":3}}},"8":{"name":"(anonymous_9)","decl":{"start":{"line":42,"column":12},"end":{"line":42,"column":18}},"loc":{"start":{"line":42,"column":45},"end":{"line":50,"column":3}}},"9":{"name":"(anonymous_10)","decl":{"start":{"line":43,"column":23},"end":{"line":43,"column":24}},"loc":{"start":{"line":43,"column":43},"end":{"line":49,"column":5}}},"10":{"name":"(anonymous_11)","decl":{"start":{"line":44,"column":27},"end":{"line":44,"column":28}},"loc":{"start":{"line":44,"column":50},"end":{"line":46,"column":7}}},"11":{"name":"(anonymous_12)","decl":{"start":{"line":51,"column":10},"end":{"line":51,"column":13}},"loc":{"start":{"line":51,"column":27},"end":{"line":64,"column":3}}}},"branchMap":{"0":{"loc":{"start":{"line":45,"column":14},"end":{"line":45,"column":25}},"type":"cond-expr","locations":[{"start":{"line":45,"column":14},"end":{"line":45,"column":25}},{"start":{"line":45,"column":28},"end":{"line":45,"column":40}}]},"1":{"loc":{"start":{"line":56,"column":6},"end":{"line":58,"column":7}},"type":"if","locations":[{"start":{"line":56,"column":6},"end":{"line":58,"column":7}},{"start":{"line":56,"column":6},"end":{"line":58,"column":7}}]}},"s":{"0":1,"1":1,"2":1,"3":1,"4":1,"5":1,"6":0,"7":1,"8":1,"9":6,"10":1,"11":1,"12":1,"13":6,"14":6,"15":6,"16":6,"17":6,"18":6,"19":6,"20":12,"21":12,"22":6,"23":6,"24":1},"f":{"0":1,"1":0,"2":1,"3":6,"4":0,"5":0,"6":0,"7":1,"8":6,"9":6,"10":6,"11":6},"b":{"0":[0,6],"1":[6,6]}}
,"/Users/g.o/Documents/space-pkg/tedis/src/common/protocol.ts": {"path":"/Users/g.o/Documents/space-pkg/tedis/src/common/protocol.ts","statementMap":{"0":{"start":{"line":8,"column":4},"end":{"line":8,"column":31}},"1":{"start":{"line":9,"column":4},"end":{"line":9,"column":19}},"2":{"start":{"line":10,"column":4},"end":{"line":16,"column":6}},"3":{"start":{"line":19,"column":28},"end":{"line":19,"column":71}},"4":{"start":{"line":20,"column":4},"end":{"line":20,"column":38}},"5":{"start":{"line":21,"column":4},"end":{"line":21,"column":46}},"6":{"start":{"line":24,"column":4},"end":{"line":30,"column":6}},"7":{"start":{"line":31,"column":4},"end":{"line":117,"column":5}},"8":{"start":{"line":35,"column":6},"end":{"line":35,"column":30}},"9":{"start":{"line":37,"column":22},"end":{"line":37,"column":37}},"10":{"start":{"line":38,"column":6},"end":{"line":116,"column":7}},"11":{"start":{"line":40,"column":10},"end":{"line":43,"column":12}},"12":{"start":{"line":44,"column":10},"end":{"line":44,"column":31}},"13":{"start":{"line":45,"column":10},"end":{"line":45,"column":16}},"14":{"start":{"line":47,"column":10},"end":{"line":50,"column":12}},"15":{"start":{"line":51,"column":10},"end":{"line":51,"column":31}},"16":{"start":{"line":52,"column":10},"end":{"line":52,"column":16}},"17":{"start":{"line":54,"column":10},"end":{"line":57,"column":12}},"18":{"start":{"line":58,"column":10},"end":{"line":58,"column":31}},"19":{"start":{"line":59,"column":10},"end":{"line":59,"column":16}},"20":{"start":{"line":61,"column":10},"end":{"line":78,"column":11}},"21":{"start":{"line":62,"column":12},"end":{"line":65,"column":14}},"22":{"start":{"line":66,"column":12},"end":{"line":66,"column":33}},"23":{"start":{"line":67,"column":17},"end":{"line":78,"column":11}},"24":{"start":{"line":71,"column":12},"end":{"line":71,"column":36}},"25":{"start":{"line":73,"column":12},"end":{"line":73,"column":33}},"26":{"start":{"line":74,"column":12},"end":{"line":77,"column":14}},"27":{"start":{"line":79,"column":10},"end":{"line":79,"column":16}},"28":{"start":{"line":81,"column":22},"end":{"line":81,"column":52}},"29":{"start":{"line":82,"column":10},"end":{"line":112,"column":11}},"30":{"start":{"line":83,"column":12},"end":{"line":86,"column":14}},"31":{"start":{"line":87,"column":12},"end":{"line":87,"column":33}},"32":{"start":{"line":89,"column":12},"end":{"line":89,"column":36}},"33":{"start":{"line":91,"column":12},"end":{"line":106,"column":13}},"34":{"start":{"line":96,"column":14},"end":{"line":105,"column":15}},"35":{"start":{"line":97,"column":16},"end":{"line":97,"column":46}},"36":{"start":{"line":98,"column":21},"end":{"line":105,"column":15}},"37":{"start":{"line":99,"column":16},"end":{"line":99,"column":80}},"38":{"start":{"line":100,"column":21},"end":{"line":105,"column":15}},"39":{"start":{"line":101,"column":16},"end":{"line":101,"column":40}},"40":{"start":{"line":102,"column":16},"end":{"line":102,"column":22}},"41":{"start":{"line":104,"column":16},"end":{"line":104,"column":59}},"42":{"start":{"line":107,"column":12},"end":{"line":111,"column":13}},"43":{"start":{"line":108,"column":14},"end":{"line":108,"column":40}},"44":{"start":{"line":110,"column":14},"end":{"line":110,"column":38}},"45":{"start":{"line":113,"column":10},"end":{"line":113,"column":16}},"46":{"start":{"line":115,"column":10},"end":{"line":115,"column":34}},"47":{"start":{"line":120,"column":19},"end":{"line":120,"column":36}},"48":{"start":{"line":122,"column":18},"end":{"line":122,"column":34}},"49":{"start":{"line":123,"column":4},"end":{"line":133,"column":5}},"50":{"start":{"line":124,"column":6},"end":{"line":124,"column":32}},"51":{"start":{"line":125,"column":6},"end":{"line":132,"column":7}},"52":{"start":{"line":126,"column":8},"end":{"line":126,"column":62}},"53":{"start":{"line":127,"column":13},"end":{"line":132,"column":7}},"54":{"start":{"line":128,"column":8},"end":{"line":128,"column":41}},"55":{"start":{"line":129,"column":8},"end":{"line":129,"column":62}},"56":{"start":{"line":131,"column":8},"end":{"line":131,"column":42}},"57":{"start":{"line":134,"column":4},"end":{"line":134,"column":19}},"58":{"start":{"line":3,"column":0},"end":{"line":136,"column":1}}},"fnMap":{"0":{"name":"(anonymous_0)","decl":{"start":{"line":7,"column":2},"end":{"line":null,"column":-1}},"loc":{"start":{"line":7,"column":2},"end":{"line":17,"column":3}}},"1":{"name":"(anonymous_1)","decl":{"start":{"line":18,"column":9},"end":{"line":18,"column":13}},"loc":{"start":{"line":18,"column":27},"end":{"line":22,"column":3}}},"2":{"name":"(anonymous_2)","decl":{"start":{"line":23,"column":9},"end":{"line":23,"column":13}},"loc":{"start":{"line":23,"column":14},"end":{"line":118,"column":3}}},"3":{"name":"(anonymous_3)","decl":{"start":{"line":119,"column":9},"end":{"line":119,"column":14}},"loc":{"start":{"line":119,"column":41},"end":{"line":135,"column":3}}}},"branchMap":{"0":{"loc":{"start":{"line":31,"column":4},"end":{"line":117,"column":5}},"type":"if","locations":[{"start":{"line":31,"column":4},"end":{"line":117,"column":5}},{"start":{"line":31,"column":4},"end":{"line":117,"column":5}}]},"1":{"loc":{"start":{"line":32,"column":6},"end":{"line":32,"column":29}},"type":"binary-expr","locations":[{"start":{"line":32,"column":6},"end":{"line":32,"column":29}},{"start":{"line":33,"column":7},"end":{"line":33,"column":30}},{"start":{"line":33,"column":34},"end":{"line":33,"column":56}}]},"2":{"loc":{"start":{"line":39,"column":8},"end":{"line":45,"column":16}},"type":"switch","locations":[{"start":{"line":39,"column":8},"end":{"line":45,"column":16}},{"start":{"line":46,"column":8},"end":{"line":52,"column":16}},{"start":{"line":53,"column":8},"end":{"line":59,"column":16}},{"start":{"line":60,"column":8},"end":{"line":79,"column":16}},{"start":{"line":80,"column":8},"end":{"line":113,"column":16}},{"start":{"line":114,"column":8},"end":{"line":115,"column":34}}]},"3":{"loc":{"start":{"line":61,"column":10},"end":{"line":78,"column":11}},"type":"if","locations":[{"start":{"line":61,"column":10},"end":{"line":78,"column":11}},{"start":{"line":61,"column":10},"end":{"line":78,"column":11}}]},"4":{"loc":{"start":{"line":67,"column":17},"end":{"line":78,"column":11}},"type":"if","locations":[{"start":{"line":67,"column":17},"end":{"line":78,"column":11}},{"start":{"line":67,"column":17},"end":{"line":78,"column":11}}]},"5":{"loc":{"start":{"line":68,"column":12},"end":{"line":68,"column":35}},"type":"binary-expr","locations":[{"start":{"line":68,"column":12},"end":{"line":68,"column":35}},{"start":{"line":69,"column":13},"end":{"line":69,"column":38}},{"start":{"line":69,"column":42},"end":{"line":69,"column":64}}]},"6":{"loc":{"start":{"line":82,"column":10},"end":{"line":112,"column":11}},"type":"if","locations":[{"start":{"line":82,"column":10},"end":{"line":112,"column":11}},{"start":{"line":82,"column":10},"end":{"line":112,"column":11}}]},"7":{"loc":{"start":{"line":93,"column":14},"end":{"line":93,"column":37}},"type":"binary-expr","locations":[{"start":{"line":93,"column":14},"end":{"line":93,"column":37}},{"start":{"line":93,"column":41},"end":{"line":93,"column":72}}]},"8":{"loc":{"start":{"line":96,"column":14},"end":{"line":105,"column":15}},"type":"if","locations":[{"start":{"line":96,"column":14},"end":{"line":105,"column":15}},{"start":{"line":96,"column":14},"end":{"line":105,"column":15}}]},"9":{"loc":{"start":{"line":98,"column":21},"end":{"line":105,"column":15}},"type":"if","locations":[{"start":{"line":98,"column":21},"end":{"line":105,"column":15}},{"start":{"line":98,"column":21},"end":{"line":105,"column":15}}]},"10":{"loc":{"start":{"line":100,"column":21},"end":{"line":105,"column":15}},"type":"if","locations":[{"start":{"line":100,"column":21},"end":{"line":105,"column":15}},{"start":{"line":100,"column":21},"end":{"line":105,"column":15}}]},"11":{"loc":{"start":{"line":107,"column":12},"end":{"line":111,"column":13}},"type":"if","locations":[{"start":{"line":107,"column":12},"end":{"line":111,"column":13}},{"start":{"line":107,"column":12},"end":{"line":111,"column":13}}]},"12":{"loc":{"start":{"line":125,"column":6},"end":{"line":132,"column":7}},"type":"if","locations":[{"start":{"line":125,"column":6},"end":{"line":132,"column":7}},{"start":{"line":125,"column":6},"end":{"line":132,"column":7}}]},"13":{"loc":{"start":{"line":127,"column":13},"end":{"line":132,"column":7}},"type":"if","locations":[{"start":{"line":127,"column":13},"end":{"line":132,"column":7}},{"start":{"line":127,"column":13},"end":{"line":132,"column":7}}]}},"s":{"0":2,"1":2,"2":2,"3":6,"4":6,"5":6,"6":12,"7":12,"8":6,"9":6,"10":6,"11":2,"12":2,"13":2,"14":0,"15":0,"16":0,"17":3,"18":3,"19":3,"20":0,"21":0,"22":0,"23":0,"24":0,"25":0,"26":0,"27":0,"28":1,"29":1,"30":0,"31":0,"32":1,"33":1,"34":5,"35":0,"36":5,"37":0,"38":5,"39":0,"40":0,"41":5,"42":1,"43":1,"44":0,"45":1,"46":0,"47":9,"48":9,"49":9,"50":52,"51":52,"52":36,"53":16,"54":16,"55":16,"56":0,"57":9,"58":2},"f":{"0":2,"1":6,"2":12,"3":9},"b":{"0":[6,6],"1":[12,6,5],"2":[2,0,3,0,1,0],"3":[0,0],"4":[0,0],"5":[0,0,0],"6":[0,1],"7":[6,5],"8":[0,5],"9":[0,5],"10":[0,5],"11":[1,0],"12":[36,16],"13":[16,0]}}
,"/Users/g.o/Documents/space-pkg/tedis/src/data-types/hash.ts": {"path":"/Users/g.o/Documents/space-pkg/tedis/src/data-types/hash.ts","statementMap":{"0":{"start":{"line":1,"column":0},"end":{"line":1,"column":42}},"1":{"start":{"line":3,"column":0},"end":{"line":18,"column":1}},"2":{"start":{"line":4,"column":2},"end":{"line":4,"column":15}},"3":{"start":{"line":5,"column":2},"end":{"line":5,"column":21}},"4":{"start":{"line":6,"column":2},"end":{"line":6,"column":15}},"5":{"start":{"line":7,"column":2},"end":{"line":7,"column":21}},"6":{"start":{"line":8,"column":2},"end":{"line":8,"column":21}},"7":{"start":{"line":9,"column":2},"end":{"line":9,"column":31}},"8":{"start":{"line":10,"column":2},"end":{"line":10,"column":17}},"9":{"start":{"line":11,"column":2},"end":{"line":11,"column":15}},"10":{"start":{"line":12,"column":2},"end":{"line":12,"column":17}},"11":{"start":{"line":13,"column":2},"end":{"line":13,"column":17}},"12":{"start":{"line":14,"column":2},"end":{"line":14,"column":15}},"13":{"start":{"line":15,"column":2},"end":{"line":15,"column":19}},"14":{"start":{"line":16,"column":2},"end":{"line":16,"column":17}},"15":{"start":{"line":17,"column":2},"end":{"line":17,"column":17}},"16":{"start":{"line":44,"column":4},"end":{"line":44,"column":64}},"17":{"start":{"line":47,"column":4},"end":{"line":47,"column":56}},"18":{"start":{"line":50,"column":4},"end":{"line":50,"column":53}},"19":{"start":{"line":53,"column":4},"end":{"line":53,"column":49}},"20":{"start":{"line":56,"column":4},"end":{"line":56,"column":67}},"21":{"start":{"line":59,"column":4},"end":{"line":59,"column":72}},"22":{"start":{"line":62,"column":4},"end":{"line":62,"column":47}},"23":{"start":{"line":65,"column":4},"end":{"line":65,"column":46}},"24":{"start":{"line":68,"column":4},"end":{"line":68,"column":65}},"25":{"start":{"line":76,"column":20},"end":{"line":76,"column":31}},"26":{"start":{"line":77,"column":5},"end":{"line":79,"column":7}},"27":{"start":{"line":78,"column":6},"end":{"line":78,"column":39}},"28":{"start":{"line":80,"column":4},"end":{"line":80,"column":59}},"29":{"start":{"line":83,"column":4},"end":{"line":83,"column":60}},"30":{"start":{"line":86,"column":4},"end":{"line":86,"column":62}},"31":{"start":{"line":89,"column":4},"end":{"line":89,"column":47}},"32":{"start":{"line":42,"column":0},"end":{"line":91,"column":1}}},"fnMap":{"0":{"name":"(anonymous_0)","decl":{"start":{"line":3,"column":0},"end":{"line":3,"column":4}},"loc":{"start":{"line":3,"column":15},"end":{"line":18,"column":1}}},"1":{"name":"(anonymous_1)","decl":{"start":{"line":43,"column":9},"end":{"line":43,"column":12}},"loc":{"start":{"line":43,"column":61},"end":{"line":45,"column":3}}},"2":{"name":"(anonymous_2)","decl":{"start":{"line":46,"column":9},"end":{"line":46,"column":15}},"loc":{"start":{"line":46,"column":43},"end":{"line":48,"column":3}}},"3":{"name":"(anonymous_3)","decl":{"start":{"line":49,"column":9},"end":{"line":49,"column":12}},"loc":{"start":{"line":49,"column":40},"end":{"line":51,"column":3}}},"4":{"name":"(anonymous_4)","decl":{"start":{"line":52,"column":9},"end":{"line":52,"column":15}},"loc":{"start":{"line":52,"column":28},"end":{"line":54,"column":3}}},"5":{"name":"(anonymous_5)","decl":{"start":{"line":55,"column":9},"end":{"line":55,"column":15}},"loc":{"start":{"line":55,"column":62},"end":{"line":57,"column":3}}},"6":{"name":"(anonymous_6)","decl":{"start":{"line":58,"column":9},"end":{"line":58,"column":20}},"loc":{"start":{"line":58,"column":67},"end":{"line":60,"column":3}}},"7":{"name":"(anonymous_7)","decl":{"start":{"line":61,"column":9},"end":{"line":61,"column":13}},"loc":{"start":{"line":61,"column":26},"end":{"line":63,"column":3}}},"8":{"name":"(anonymous_8)","decl":{"start":{"line":64,"column":9},"end":{"line":64,"column":12}},"loc":{"start":{"line":64,"column":25},"end":{"line":66,"column":3}}},"9":{"name":"(anonymous_9)","decl":{"start":{"line":67,"column":9},"end":{"line":67,"column":13}},"loc":{"start":{"line":67,"column":62},"end":{"line":69,"column":3}}},"10":{"name":"(anonymous_10)","decl":{"start":{"line":70,"column":9},"end":{"line":70,"column":13}},"loc":{"start":{"line":74,"column":5},"end":{"line":81,"column":3}}},"11":{"name":"(anonymous_11)","decl":{"start":{"line":77,"column":48},"end":{"line":77,"column":49}},"loc":{"start":{"line":77,"column":58},"end":{"line":79,"column":5}}},"12":{"name":"(anonymous_12)","decl":{"start":{"line":82,"column":9},"end":{"line":82,"column":12}},"loc":{"start":{"line":82,"column":55},"end":{"line":84,"column":3}}},"13":{"name":"(anonymous_13)","decl":{"start":{"line":85,"column":9},"end":{"line":85,"column":14}},"loc":{"start":{"line":85,"column":57},"end":{"line":87,"column":3}}},"14":{"name":"(anonymous_14)","decl":{"start":{"line":88,"column":9},"end":{"line":88,"column":13}},"loc":{"start":{"line":88,"column":26},"end":{"line":90,"column":3}}}},"branchMap":{"0":{"loc":{"start":{"line":3,"column":5},"end":{"line":3,"column":15}},"type":"binary-expr","locations":[{"start":{"line":3,"column":5},"end":{"line":3,"column":15}},{"start":{"line":3,"column":5},"end":{"line":3,"column":15}}]}},"s":{"0":1,"1":1,"2":1,"3":1,"4":1,"5":1,"6":1,"7":1,"8":1,"9":1,"10":1,"11":1,"12":1,"13":1,"14":1,"15":1,"16":0,"17":0,"18":0,"19":0,"20":0,"21":0,"22":0,"23":0,"24":0,"25":1,"26":1,"27":2,"28":1,"29":0,"30":0,"31":0,"32":1},"f":{"0":1,"1":0,"2":0,"3":0,"4":0,"5":0,"6":0,"7":0,"8":0,"9":0,"10":1,"11":2,"12":0,"13":0,"14":0},"b":{"0":[1,1]}}
,"/Users/g.o/Documents/space-pkg/tedis/src/data-types/key.ts": {"path":"/Users/g.o/Documents/space-pkg/tedis/src/data-types/key.ts","statementMap":{"0":{"start":{"line":1,"column":0},"end":{"line":1,"column":42}},"1":{"start":{"line":3,"column":0},"end":{"line":20,"column":1}},"2":{"start":{"line":4,"column":2},"end":{"line":4,"column":13}},"3":{"start":{"line":5,"column":2},"end":{"line":5,"column":15}},"4":{"start":{"line":6,"column":2},"end":{"line":6,"column":19}},"5":{"start":{"line":7,"column":2},"end":{"line":7,"column":19}},"6":{"start":{"line":8,"column":2},"end":{"line":8,"column":23}},"7":{"start":{"line":9,"column":2},"end":{"line":9,"column":21}},"8":{"start":{"line":10,"column":2},"end":{"line":10,"column":25}},"9":{"start":{"line":11,"column":2},"end":{"line":11,"column":15}},"10":{"start":{"line":12,"column":2},"end":{"line":12,"column":15}},"11":{"start":{"line":13,"column":2},"end":{"line":13,"column":21}},"12":{"start":{"line":14,"column":2},"end":{"line":14,"column":15}},"13":{"start":{"line":15,"column":2},"end":{"line":15,"column":13}},"14":{"start":{"line":16,"column":2},"end":{"line":16,"column":25}},"15":{"start":{"line":17,"column":2},"end":{"line":17,"column":19}},"16":{"start":{"line":18,"column":2},"end":{"line":18,"column":23}},"17":{"start":{"line":19,"column":2},"end":{"line":19,"column":15}},"18":{"start":{"line":43,"column":4},"end":{"line":43,"column":44}},"19":{"start":{"line":46,"column":4},"end":{"line":46,"column":45}},"20":{"start":{"line":49,"column":4},"end":{"line":49,"column":47}},"21":{"start":{"line":52,"column":4},"end":{"line":52,"column":56}},"22":{"start":{"line":55,"column":4},"end":{"line":55,"column":60}},"23":{"start":{"line":58,"column":4},"end":{"line":58,"column":62}},"24":{"start":{"line":61,"column":4},"end":{"line":61,"column":73}},"25":{"start":{"line":64,"column":4},"end":{"line":64,"column":49}},"26":{"start":{"line":67,"column":4},"end":{"line":67,"column":49}},"27":{"start":{"line":70,"column":4},"end":{"line":70,"column":48}},"28":{"start":{"line":73,"column":4},"end":{"line":73,"column":45}},"29":{"start":{"line":76,"column":4},"end":{"line":76,"column":44}},"30":{"start":{"line":79,"column":4},"end":{"line":79,"column":45}},"31":{"start":{"line":82,"column":4},"end":{"line":82,"column":55}},"32":{"start":{"line":85,"column":4},"end":{"line":85,"column":57}},"33":{"start":{"line":88,"column":4},"end":{"line":88,"column":45}},"34":{"start":{"line":41,"column":0},"end":{"line":90,"column":1}}},"fnMap":{"0":{"name":"(anonymous_0)","decl":{"start":{"line":3,"column":0},"end":{"line":3,"column":4}},"loc":{"start":{"line":3,"column":14},"end":{"line":20,"column":1}}},"1":{"name":"(anonymous_1)","decl":{"start":{"line":42,"column":9},"end":{"line":42,"column":11}},"loc":{"start":{"line":42,"column":24},"end":{"line":44,"column":3}}},"2":{"name":"(anonymous_2)","decl":{"start":{"line":45,"column":9},"end":{"line":45,"column":12}},"loc":{"start":{"line":45,"column":25},"end":{"line":47,"column":3}}},"3":{"name":"(anonymous_3)","decl":{"start":{"line":48,"column":9},"end":{"line":48,"column":14}},"loc":{"start":{"line":48,"column":27},"end":{"line":50,"column":3}}},"4":{"name":"(anonymous_4)","decl":{"start":{"line":51,"column":9},"end":{"line":51,"column":14}},"loc":{"start":{"line":51,"column":44},"end":{"line":53,"column":3}}},"5":{"name":"(anonymous_5)","decl":{"start":{"line":54,"column":9},"end":{"line":54,"column":16}},"loc":{"start":{"line":54,"column":48},"end":{"line":56,"column":3}}},"6":{"name":"(anonymous_6)","decl":{"start":{"line":57,"column":9},"end":{"line":57,"column":15}},"loc":{"start":{"line":57,"column":50},"end":{"line":59,"column":3}}},"7":{"name":"(anonymous_7)","decl":{"start":{"line":60,"column":9},"end":{"line":60,"column":17}},"loc":{"start":{"line":60,"column":61},"end":{"line":62,"column":3}}},"8":{"name":"(anonymous_8)","decl":{"start":{"line":63,"column":9},"end":{"line":63,"column":12}},"loc":{"start":{"line":63,"column":29},"end":{"line":65,"column":3}}},"9":{"name":"(anonymous_9)","decl":{"start":{"line":66,"column":9},"end":{"line":66,"column":12}},"loc":{"start":{"line":66,"column":37},"end":{"line":68,"column":3}}},"10":{"name":"(anonymous_10)","decl":{"start":{"line":69,"column":9},"end":{"line":69,"column":15}},"loc":{"start":{"line":69,"column":28},"end":{"line":71,"column":3}}},"11":{"name":"(anonymous_11)","decl":{"start":{"line":72,"column":9},"end":{"line":72,"column":12}},"loc":{"start":{"line":72,"column":25},"end":{"line":74,"column":3}}},"12":{"name":"(anonymous_12)","decl":{"start":{"line":75,"column":9},"end":{"line":75,"column":11}},"loc":{"start":{"line":75,"column":24},"end":{"line":77,"column":3}}},"13":{"name":"(anonymous_13)","decl":{"start":{"line":78,"column":9},"end":{"line":78,"column":17}},"loc":{"start":{"line":78,"column":18},"end":{"line":80,"column":3}}},"14":{"name":"(anonymous_14)","decl":{"start":{"line":81,"column":9},"end":{"line":81,"column":14}},"loc":{"start":{"line":81,"column":43},"end":{"line":83,"column":3}}},"15":{"name":"(anonymous_15)","decl":{"start":{"line":84,"column":9},"end":{"line":84,"column":16}},"loc":{"start":{"line":84,"column":45},"end":{"line":86,"column":3}}},"16":{"name":"(anonymous_16)","decl":{"start":{"line":87,"column":9},"end":{"line":87,"column":12}},"loc":{"start":{"line":87,"column":25},"end":{"line":89,"column":3}}}},"branchMap":{"0":{"loc":{"start":{"line":3,"column":5},"end":{"line":3,"column":14}},"type":"binary-expr","locations":[{"start":{"line":3,"column":5},"end":{"line":3,"column":14}},{"start":{"line":3,"column":5},"end":{"line":3,"column":14}}]}},"s":{"0":1,"1":1,"2":1,"3":1,"4":1,"5":1,"6":1,"7":1,"8":1,"9":1,"10":1,"11":1,"12":1,"13":1,"14":1,"15":1,"16":1,"17":1,"18":0,"19":0,"20":0,"21":0,"22":0,"23":0,"24":0,"25":1,"26":0,"27":0,"28":0,"29":0,"30":0,"31":0,"32":0,"33":0,"34":1},"f":{"0":1,"1":0,"2":0,"3":0,"4":0,"5":0,"6":0,"7":0,"8":1,"9":0,"10":0,"11":0,"12":0,"13":0,"14":0,"15":0,"16":0},"b":{"0":[1,1]}}
,"/Users/g.o/Documents/space-pkg/tedis/src/data-types/list.ts": {"path":"/Users/g.o/Documents/space-pkg/tedis/src/data-types/list.ts","statementMap":{"0":{"start":{"line":1,"column":0},"end":{"line":1,"column":42}},"1":{"start":{"line":3,"column":0},"end":{"line":21,"column":1}},"2":{"start":{"line":4,"column":2},"end":{"line":4,"column":17}},"3":{"start":{"line":5,"column":2},"end":{"line":5,"column":17}},"4":{"start":{"line":6,"column":2},"end":{"line":6,"column":27}},"5":{"start":{"line":7,"column":2},"end":{"line":7,"column":19}},"6":{"start":{"line":8,"column":2},"end":{"line":8,"column":21}},"7":{"start":{"line":9,"column":2},"end":{"line":9,"column":15}},"8":{"start":{"line":10,"column":2},"end":{"line":10,"column":15}},"9":{"start":{"line":11,"column":2},"end":{"line":11,"column":17}},"10":{"start":{"line":12,"column":2},"end":{"line":12,"column":19}},"11":{"start":{"line":13,"column":2},"end":{"line":13,"column":19}},"12":{"start":{"line":14,"column":2},"end":{"line":14,"column":15}},"13":{"start":{"line":15,"column":2},"end":{"line":15,"column":15}},"14":{"start":{"line":16,"column":2},"end":{"line":16,"column":17}},"15":{"start":{"line":17,"column":2},"end":{"line":17,"column":15}},"16":{"start":{"line":18,"column":2},"end":{"line":18,"column":25}},"17":{"start":{"line":19,"column":2},"end":{"line":19,"column":17}},"18":{"start":{"line":20,"column":2},"end":{"line":20,"column":19}},"19":{"start":{"line":54,"column":4},"end":{"line":56,"column":5}},"20":{"start":{"line":55,"column":6},"end":{"line":55,"column":62}},"21":{"start":{"line":57,"column":4},"end":{"line":57,"column":51}},"22":{"start":{"line":60,"column":4},"end":{"line":62,"column":5}},"23":{"start":{"line":61,"column":6},"end":{"line":61,"column":62}},"24":{"start":{"line":63,"column":4},"end":{"line":63,"column":51}},"25":{"start":{"line":66,"column":4},"end":{"line":71,"column":6}},"26":{"start":{"line":74,"column":4},"end":{"line":74,"column":55}},"27":{"start":{"line":82,"column":4},"end":{"line":82,"column":69}},"28":{"start":{"line":85,"column":4},"end":{"line":85,"column":46}},"29":{"start":{"line":88,"column":4},"end":{"line":88,"column":46}},"30":{"start":{"line":91,"column":4},"end":{"line":91,"column":58}},"31":{"start":{"line":94,"column":4},"end":{"line":94,"column":55}},"32":{"start":{"line":97,"column":4},"end":{"line":102,"column":6}},"33":{"start":{"line":105,"column":4},"end":{"line":105,"column":60}},"34":{"start":{"line":108,"column":4},"end":{"line":108,"column":60}},"35":{"start":{"line":111,"column":4},"end":{"line":116,"column":6}},"36":{"start":{"line":119,"column":4},"end":{"line":119,"column":46}},"37":{"start":{"line":122,"column":4},"end":{"line":122,"column":67}},"38":{"start":{"line":125,"column":4},"end":{"line":125,"column":53}},"39":{"start":{"line":128,"column":4},"end":{"line":128,"column":55}},"40":{"start":{"line":52,"column":0},"end":{"line":130,"column":1}}},"fnMap":{"0":{"name":"(anonymous_0)","decl":{"start":{"line":3,"column":0},"end":{"line":3,"column":4}},"loc":{"start":{"line":3,"column":15},"end":{"line":21,"column":1}}},"1":{"name":"(anonymous_1)","decl":{"start":{"line":53,"column":9},"end":{"line":53,"column":13}},"loc":{"start":{"line":53,"column":47},"end":{"line":58,"column":3}}},"2":{"name":"(anonymous_2)","decl":{"start":{"line":59,"column":9},"end":{"line":59,"column":13}},"loc":{"start":{"line":59,"column":47},"end":{"line":64,"column":3}}},"3":{"name":"(anonymous_3)","decl":{"start":{"line":65,"column":9},"end":{"line":65,"column":18}},"loc":{"start":{"line":65,"column":72},"end":{"line":72,"column":3}}},"4":{"name":"(anonymous_4)","decl":{"start":{"line":73,"column":9},"end":{"line":73,"column":14}},"loc":{"start":{"line":73,"column":42},"end":{"line":75,"column":3}}},"5":{"name":"(anonymous_5)","decl":{"start":{"line":76,"column":9},"end":{"line":76,"column":15}},"loc":{"start":{"line":80,"column":17},"end":{"line":83,"column":3}}},"6":{"name":"(anonymous_6)","decl":{"start":{"line":84,"column":9},"end":{"line":84,"column":12}},"loc":{"start":{"line":84,"column":25},"end":{"line":86,"column":3}}},"7":{"name":"(anonymous_7)","decl":{"start":{"line":87,"column":9},"end":{"line":87,"column":12}},"loc":{"start":{"line":87,"column":25},"end":{"line":89,"column":3}}},"8":{"name":"(anonymous_8)","decl":{"start":{"line":90,"column":9},"end":{"line":90,"column":13}},"loc":{"start":{"line":90,"column":44},"end":{"line":92,"column":3}}},"9":{"name":"(anonymous_9)","decl":{"start":{"line":93,"column":9},"end":{"line":93,"column":14}},"loc":{"start":{"line":93,"column":42},"end":{"line":95,"column":3}}},"10":{"name":"(anonymous_10)","decl":{"start":{"line":96,"column":9},"end":{"line":96,"column":14}},"loc":{"start":{"line":96,"column":56},"end":{"line":103,"column":3}}},"11":{"name":"(anonymous_11)","decl":{"start":{"line":104,"column":9},"end":{"line":104,"column":12}},"loc":{"start":{"line":104,"column":55},"end":{"line":106,"column":3}}},"12":{"name":"(anonymous_12)","decl":{"start":{"line":107,"column":9},"end":{"line":107,"column":12}},"loc":{"start":{"line":107,"column":55},"end":{"line":109,"column":3}}},"13":{"name":"(anonymous_13)","decl":{"start":{"line":110,"column":9},"end":{"line":110,"column":13}},"loc":{"start":{"line":110,"column":55},"end":{"line":117,"column":3}}},"14":{"name":"(anonymous_14)","decl":{"start":{"line":118,"column":9},"end":{"line":118,"column":12}},"loc":{"start":{"line":118,"column":25},"end":{"line":120,"column":3}}},"15":{"name":"(anonymous_15)","decl":{"start":{"line":121,"column":9},"end":{"line":121,"column":17}},"loc":{"start":{"line":121,"column":54},"end":{"line":123,"column":3}}},"16":{"name":"(anonymous_16)","decl":{"start":{"line":124,"column":9},"end":{"line":124,"column":13}},"loc":{"start":{"line":124,"column":44},"end":{"line":126,"column":3}}},"17":{"name":"(anonymous_17)","decl":{"start":{"line":127,"column":9},"end":{"line":127,"column":14}},"loc":{"start":{"line":127,"column":42},"end":{"line":129,"column":3}}}},"branchMap":{"0":{"loc":{"start":{"line":3,"column":5},"end":{"line":3,"column":15}},"type":"binary-expr","locations":[{"start":{"line":3,"column":5},"end":{"line":3,"column":15}},{"start":{"line":3,"column":5},"end":{"line":3,"column":15}}]},"1":{"loc":{"start":{"line":54,"column":4},"end":{"line":56,"column":5}},"type":"if","locations":[{"start":{"line":54,"column":4},"end":{"line":56,"column":5}},{"start":{"line":54,"column":4},"end":{"line":56,"column":5}}]},"2":{"loc":{"start":{"line":60,"column":4},"end":{"line":62,"column":5}},"type":"if","locations":[{"start":{"line":60,"column":4},"end":{"line":62,"column":5}},{"start":{"line":60,"column":4},"end":{"line":62,"column":5}}]}},"s":{"0":1,"1":1,"2":1,"3":1,"4":1,"5":1,"6":1,"7":1,"8":1,"9":1,"10":1,"11":1,"12":1,"13":1,"14":1,"15":1,"16":1,"17":1,"18":1,"19":0,"20":0,"21":0,"22":0,"23":0,"24":0,"25":0,"26":0,"27":0,"28":0,"29":0,"30":1,"31":0,"32":0,"33":0,"34":0,"35":0,"36":0,"37":0,"38":0,"39":0,"40":1},"f":{"0":1,"1":0,"2":0,"3":0,"4":0,"5":0,"6":0,"7":0,"8":1,"9":0,"10":0,"11":0,"12":0,"13":0,"14":0,"15":0,"16":0,"17":0},"b":{"0":[1,1],"1":[0,0],"2":[0,0]}}
,"/Users/g.o/Documents/space-pkg/tedis/src/data-types/set.ts": {"path":"/Users/g.o/Documents/space-pkg/tedis/src/data-types/set.ts","statementMap":{"0":{"start":{"line":1,"column":0},"end":{"line":1,"column":42}},"1":{"start":{"line":3,"column":0},"end":{"line":19,"column":1}},"2":{"start":{"line":4,"column":2},"end":{"line":4,"column":15}},"3":{"start":{"line":5,"column":2},"end":{"line":5,"column":17}},"4":{"start":{"line":6,"column":2},"end":{"line":6,"column":17}},"5":{"start":{"line":7,"column":2},"end":{"line":7,"column":27}},"6":{"start":{"line":8,"column":2},"end":{"line":8,"column":19}},"7":{"start":{"line":9,"column":2},"end":{"line":9,"column":29}},"8":{"start":{"line":10,"column":2},"end":{"line":10,"column":25}},"9":{"start":{"line":11,"column":2},"end":{"line":11,"column":23}},"10":{"start":{"line":12,"column":2},"end":{"line":12,"column":17}},"11":{"start":{"line":13,"column":2},"end":{"line":13,"column":15}},"12":{"start":{"line":14,"column":2},"end":{"line":14,"column":29}},"13":{"start":{"line":15,"column":2},"end":{"line":15,"column":15}},"14":{"start":{"line":16,"column":2},"end":{"line":16,"column":19}},"15":{"start":{"line":17,"column":2},"end":{"line":17,"column":29}},"16":{"start":{"line":18,"column":2},"end":{"line":18,"column":17}},"17":{"start":{"line":41,"column":4},"end":{"line":41,"column":57}},"18":{"start":{"line":44,"column":4},"end":{"line":44,"column":46}},"19":{"start":{"line":47,"column":4},"end":{"line":47,"column":50}},"20":{"start":{"line":50,"column":4},"end":{"line":50,"column":68}},"21":{"start":{"line":53,"column":4},"end":{"line":53,"column":51}},"22":{"start":{"line":56,"column":4},"end":{"line":56,"column":69}},"23":{"start":{"line":59,"column":4},"end":{"line":59,"column":58}},"24":{"start":{"line":62,"column":4},"end":{"line":62,"column":49}},"25":{"start":{"line":65,"column":4},"end":{"line":65,"column":70}},"26":{"start":{"line":68,"column":4},"end":{"line":72,"column":5}},"27":{"start":{"line":69,"column":6},"end":{"line":69,"column":54}},"28":{"start":{"line":71,"column":6},"end":{"line":71,"column":47}},"29":{"start":{"line":75,"column":4},"end":{"line":79,"column":5}},"30":{"start":{"line":76,"column":6},"end":{"line":76,"column":61}},"31":{"start":{"line":78,"column":6},"end":{"line":78,"column":54}},"32":{"start":{"line":82,"column":4},"end":{"line":82,"column":57}},"33":{"start":{"line":85,"column":4},"end":{"line":85,"column":51}},"34":{"start":{"line":88,"column":4},"end":{"line":88,"column":69}},"35":{"start":{"line":39,"column":0},"end":{"line":90,"column":1}}},"fnMap":{"0":{"name":"(anonymous_0)","decl":{"start":{"line":3,"column":0},"end":{"line":3,"column":4}},"loc":{"start":{"line":3,"column":14},"end":{"line":19,"column":1}}},"1":{"name":"(anonymous_1)","decl":{"start":{"line":40,"column":9},"end":{"line":40,"column":12}},"loc":{"start":{"line":40,"column":44},"end":{"line":42,"column":3}}},"2":{"name":"(anonymous_2)","decl":{"start":{"line":43,"column":9},"end":{"line":43,"column":13}},"loc":{"start":{"line":43,"column":26},"end":{"line":45,"column":3}}},"3":{"name":"(anonymous_3)","decl":{"start":{"line":46,"column":9},"end":{"line":46,"column":13}},"loc":{"start":{"line":46,"column":29},"end":{"line":48,"column":3}}},"4":{"name":"(anonymous_4)","decl":{"start":{"line":49,"column":9},"end":{"line":49,"column":18}},"loc":{"start":{"line":49,"column":55},"end":{"line":51,"column":3}}},"5":{"name":"(anonymous_5)","decl":{"start":{"line":52,"column":9},"end":{"line":52,"column":14}},"loc":{"start":{"line":52,"column":30},"end":{"line":54,"column":3}}},"6":{"name":"(anonymous_6)","decl":{"start":{"line":55,"column":9},"end":{"line":55,"column":19}},"loc":{"start":{"line":55,"column":56},"end":{"line":57,"column":3}}},"7":{"name":"(anonymous_7)","decl":{"start":{"line":58,"column":9},"end":{"line":58,"column":17}},"loc":{"start":{"line":58,"column":46},"end":{"line":60,"column":3}}},"8":{"name":"(anonymous_8)","decl":{"start":{"line":61,"column":9},"end":{"line":61,"column":16}},"loc":{"start":{"line":61,"column":29},"end":{"line":63,"column":3}}},"9":{"name":"(anonymous_9)","decl":{"start":{"line":64,"column":9},"end":{"line":64,"column":13}},"loc":{"start":{"line":64,"column":66},"end":{"line":66,"column":3}}},"10":{"name":"(anonymous_10)","decl":{"start":{"line":67,"column":9},"end":{"line":67,"column":12}},"loc":{"start":{"line":67,"column":41},"end":{"line":73,"column":3}}},"11":{"name":"(anonymous_11)","decl":{"start":{"line":74,"column":9},"end":{"line":74,"column":19}},"loc":{"start":{"line":74,"column":48},"end":{"line":80,"column":3}}},"12":{"name":"(anonymous_12)","decl":{"start":{"line":81,"column":9},"end":{"line":81,"column":12}},"loc":{"start":{"line":81,"column":44},"end":{"line":83,"column":3}}},"13":{"name":"(anonymous_13)","decl":{"start":{"line":84,"column":9},"end":{"line":84,"column":14}},"loc":{"start":{"line":84,"column":30},"end":{"line":86,"column":3}}},"14":{"name":"(anonymous_14)","decl":{"start":{"line":87,"column":9},"end":{"line":87,"column":19}},"loc":{"start":{"line":87,"column":56},"end":{"line":89,"column":3}}}},"branchMap":{"0":{"loc":{"start":{"line":3,"column":5},"end":{"line":3,"column":14}},"type":"binary-expr","locations":[{"start":{"line":3,"column":5},"end":{"line":3,"column":14}},{"start":{"line":3,"column":5},"end":{"line":3,"column":14}}]},"1":{"loc":{"start":{"line":68,"column":4},"end":{"line":72,"column":5}},"type":"if","locations":[{"start":{"line":68,"column":4},"end":{"line":72,"column":5}},{"start":{"line":68,"column":4},"end":{"line":72,"column":5}}]},"2":{"loc":{"start":{"line":75,"column":4},"end":{"line":79,"column":5}},"type":"if","locations":[{"start":{"line":75,"column":4},"end":{"line":79,"column":5}},{"start":{"line":75,"column":4},"end":{"line":79,"column":5}}]}},"s":{"0":1,"1":1,"2":1,"3":1,"4":1,"5":1,"6":1,"7":1,"8":1,"9":1,"10":1,"11":1,"12":1,"13":1,"14":1,"15":1,"16":1,"17":1,"18":0,"19":0,"20":0,"21":0,"22":0,"23":0,"24":0,"25":0,"26":0,"27":0,"28":0,"29":0,"30":0,"31":0,"32":0,"33":0,"34":0,"35":1},"f":{"0":1,"1":1,"2":0,"3":0,"4":0,"5":0,"6":0,"7":0,"8":0,"9":0,"10":0,"11":0,"12":0,"13":0,"14":0},"b":{"0":[1,1],"1":[0,0],"2":[0,0]}}
,"/Users/g.o/Documents/space-pkg/tedis/src/data-types/string.ts": {"path":"/Users/g.o/Documents/space-pkg/tedis/src/data-types/string.ts","statementMap":{"0":{"start":{"line":1,"column":0},"end":{"line":1,"column":42}},"1":{"start":{"line":3,"column":0},"end":{"line":24,"column":1}},"2":{"start":{"line":4,"column":2},"end":{"line":4,"column":13}},"3":{"start":{"line":5,"column":2},"end":{"line":5,"column":13}},"4":{"start":{"line":6,"column":2},"end":{"line":6,"column":23}},"5":{"start":{"line":7,"column":2},"end":{"line":7,"column":19}},"6":{"start":{"line":8,"column":2},"end":{"line":8,"column":19}},"7":{"start":{"line":9,"column":2},"end":{"line":9,"column":15}},"8":{"start":{"line":10,"column":2},"end":{"line":10,"column":19}},"9":{"start":{"line":11,"column":2},"end":{"line":11,"column":17}},"10":{"start":{"line":12,"column":2},"end":{"line":12,"column":17}},"11":{"start":{"line":13,"column":2},"end":{"line":13,"column":23}},"12":{"start":{"line":14,"column":2},"end":{"line":14,"column":19}},"13":{"start":{"line":15,"column":2},"end":{"line":15,"column":15}},"14":{"start":{"line":16,"column":2},"end":{"line":16,"column":19}},"15":{"start":{"line":17,"column":2},"end":{"line":17,"column":19}},"16":{"start":{"line":18,"column":2},"end":{"line":18,"column":15}},"17":{"start":{"line":19,"column":2},"end":{"line":19,"column":19}},"18":{"start":{"line":20,"column":2},"end":{"line":20,"column":29}},"19":{"start":{"line":21,"column":2},"end":{"line":21,"column":15}},"20":{"start":{"line":22,"column":2},"end":{"line":22,"column":19}},"21":{"start":{"line":23,"column":2},"end":{"line":23,"column":19}},"22":{"start":{"line":51,"column":4},"end":{"line":51,"column":54}},"23":{"start":{"line":54,"column":4},"end":{"line":54,"column":47}},"24":{"start":{"line":57,"column":4},"end":{"line":57,"column":64}},"25":{"start":{"line":60,"column":4},"end":{"line":60,"column":57}},"26":{"start":{"line":63,"column":4},"end":{"line":63,"column":58}},"27":{"start":{"line":66,"column":4},"end":{"line":66,"column":57}},"28":{"start":{"line":69,"column":4},"end":{"line":69,"column":65}},"29":{"start":{"line":72,"column":4},"end":{"line":72,"column":65}},"30":{"start":{"line":75,"column":4},"end":{"line":75,"column":58}},"31":{"start":{"line":78,"column":4},"end":{"line":78,"column":67}},"32":{"start":{"line":81,"column":4},"end":{"line":81,"column":50}},"33":{"start":{"line":84,"column":20},"end":{"line":84,"column":31}},"34":{"start":{"line":85,"column":5},"end":{"line":87,"column":7}},"35":{"start":{"line":86,"column":6},"end":{"line":86,"column":37}},"36":{"start":{"line":88,"column":4},"end":{"line":88,"column":55}},"37":{"start":{"line":91,"column":20},"end":{"line":91,"column":31}},"38":{"start":{"line":92,"column":5},"end":{"line":94,"column":7}},"39":{"start":{"line":93,"column":6},"end":{"line":93,"column":37}},"40":{"start":{"line":95,"column":4},"end":{"line":95,"column":57}},"41":{"start":{"line":98,"column":4},"end":{"line":98,"column":71}},"42":{"start":{"line":101,"column":4},"end":{"line":101,"column":48}},"43":{"start":{"line":104,"column":4},"end":{"line":104,"column":61}},"44":{"start":{"line":107,"column":4},"end":{"line":107,"column":66}},"45":{"start":{"line":110,"column":4},"end":{"line":110,"column":48}},"46":{"start":{"line":113,"column":4},"end":{"line":113,"column":61}},"47":{"start":{"line":116,"column":4},"end":{"line":116,"column":57}},"48":{"start":{"line":49,"column":0},"end":{"line":118,"column":1}}},"fnMap":{"0":{"name":"(anonymous_0)","decl":{"start":{"line":3,"column":0},"end":{"line":3,"column":4}},"loc":{"start":{"line":3,"column":17},"end":{"line":24,"column":1}}},"1":{"name":"(anonymous_1)","decl":{"start":{"line":50,"column":9},"end":{"line":50,"column":11}},"loc":{"start":{"line":50,"column":39},"end":{"line":52,"column":3}}},"2":{"name":"(anonymous_2)","decl":{"start":{"line":53,"column":9},"end":{"line":53,"column":11}},"loc":{"start":{"line":53,"column":24},"end":{"line":55,"column":3}}},"3":{"name":"(anonymous_3)","decl":{"start":{"line":56,"column":9},"end":{"line":56,"column":16}},"loc":{"start":{"line":56,"column":71},"end":{"line":58,"column":3}}},"4":{"name":"(anonymous_4)","decl":{"start":{"line":59,"column":9},"end":{"line":59,"column":14}},"loc":{"start":{"line":59,"column":42},"end":{"line":61,"column":3}}},"5":{"name":"(anonymous_5)","decl":{"start":{"line":62,"column":9},"end":{"line":62,"column":14}},"loc":{"start":{"line":62,"column":43},"end":{"line":64,"column":3}}},"6":{"name":"(anonymous_6)","decl":{"start":{"line":65,"column":9},"end":{"line":65,"column":12}},"loc":{"start":{"line":65,"column":44},"end":{"line":67,"column":3}}},"7":{"name":"(anonymous_7)","decl":{"start":{"line":68,"column":9},"end":{"line":68,"column":14}},"loc":{"start":{"line":68,"column":57},"end":{"line":70,"column":3}}},"8":{"name":"(anonymous_8)","decl":{"start":{"line":71,"column":9},"end":{"line":71,"column":13}},"loc":{"start":{"line":71,"column":58},"end":{"line":73,"column":3}}},"9":{"name":"(anonymous_9)","decl":{"start":{"line":74,"column":9},"end":{"line":74,"column":13}},"loc":{"start":{"line":74,"column":45},"end":{"line":76,"column":3}}},"10":{"name":"(anonymous_10)","decl":{"start":{"line":77,"column":9},"end":{"line":77,"column":16}},"loc":{"start":{"line":77,"column":60},"end":{"line":79,"column":3}}},"11":{"name":"(anonymous_11)","decl":{"start":{"line":80,"column":9},"end":{"line":80,"column":14}},"loc":{"start":{"line":80,"column":27},"end":{"line":82,"column":3}}},"12":{"name":"(anonymous_12)","decl":{"start":{"line":83,"column":9},"end":{"line":83,"column":12}},"loc":{"start":{"line":83,"column":52},"end":{"line":89,"column":3}}},"13":{"name":"(anonymous_13)","decl":{"start":{"line":85,"column":50},"end":{"line":85,"column":51}},"loc":{"start":{"line":85,"column":58},"end":{"line":87,"column":5}}},"14":{"name":"(anonymous_14)","decl":{"start":{"line":90,"column":9},"end":{"line":90,"column":14}},"loc":{"start":{"line":90,"column":54},"end":{"line":96,"column":3}}},"15":{"name":"(anonymous_15)","decl":{"start":{"line":92,"column":50},"end":{"line":92,"column":51}},"loc":{"start":{"line":92,"column":58},"end":{"line":94,"column":5}}},"16":{"name":"(anonymous_16)","decl":{"start":{"line":97,"column":9},"end":{"line":97,"column":14}},"loc":{"start":{"line":97,"column":64},"end":{"line":99,"column":3}}},"17":{"name":"(anonymous_17)","decl":{"start":{"line":100,"column":9},"end":{"line":100,"column":12}},"loc":{"start":{"line":100,"column":25},"end":{"line":102,"column":3}}},"18":{"name":"(anonymous_18)","decl":{"start":{"line":103,"column":9},"end":{"line":103,"column":14}},"loc":{"start":{"line":103,"column":46},"end":{"line":105,"column":3}}},"19":{"name":"(anonymous_19)","decl":{"start":{"line":106,"column":9},"end":{"line":106,"column":19}},"loc":{"start":{"line":106,"column":51},"end":{"line":108,"column":3}}},"20":{"name":"(anonymous_20)","decl":{"start":{"line":109,"column":9},"end":{"line":109,"column":12}},"loc":{"start":{"line":109,"column":25},"end":{"line":111,"column":3}}},"21":{"name":"(anonymous_21)","decl":{"start":{"line":112,"column":9},"end":{"line":112,"column":14}},"loc":{"start":{"line":112,"column":46},"end":{"line":114,"column":3}}},"22":{"name":"(anonymous_22)","decl":{"start":{"line":115,"column":9},"end":{"line":115,"column":14}},"loc":{"start":{"line":115,"column":42},"end":{"line":117,"column":3}}}},"branchMap":{"0":{"loc":{"start":{"line":3,"column":5},"end":{"line":3,"column":17}},"type":"binary-expr","locations":[{"start":{"line":3,"column":5},"end":{"line":3,"column":17}},{"start":{"line":3,"column":5},"end":{"line":3,"column":17}}]},"1":{"loc":{"start":{"line":56,"column":64},"end":{"line":56,"column":71}},"type":"default-arg","locations":[{"start":{"line":56,"column":64},"end":{"line":56,"column":71}}]}},"s":{"0":1,"1":1,"2":1,"3":1,"4":1,"5":1,"6":1,"7":1,"8":1,"9":1,"10":1,"11":1,"12":1,"13":1,"14":1,"15":1,"16":1,"17":1,"18":1,"19":1,"20":1,"21":1,"22":1,"23":0,"24":0,"25":0,"26":0,"27":0,"28":0,"29":0,"30":0,"31":0,"32":0,"33":0,"34":0,"35":0,"36":0,"37":0,"38":0,"39":0,"40":0,"41":0,"42":0,"43":0,"44":0,"45":0,"46":0,"47":0,"48":1},"f":{"0":1,"1":1,"2":0,"3":0,"4":0,"5":0,"6":0,"7":0,"8":0,"9":0,"10":0,"11":0,"12":0,"13":0,"14":0,"15":0,"16":0,"17":0,"18":0,"19":0,"20":0,"21":0,"22":0},"b":{"0":[1,1],"1":[0]}}
,"/Users/g.o/Documents/space-pkg/tedis/src/data-types/zset.ts": {"path":"/Users/g.o/Documents/space-pkg/tedis/src/data-types/zset.ts","statementMap":{"0":{"start":{"line":1,"column":0},"end":{"line":1,"column":42}},"1":{"start":{"line":3,"column":0},"end":{"line":24,"column":1}},"2":{"start":{"line":4,"column":2},"end":{"line":4,"column":15}},"3":{"start":{"line":5,"column":2},"end":{"line":5,"column":17}},"4":{"start":{"line":6,"column":2},"end":{"line":6,"column":19}},"5":{"start":{"line":7,"column":2},"end":{"line":7,"column":21}},"6":{"start":{"line":8,"column":2},"end":{"line":8,"column":29}},"7":{"start":{"line":9,"column":2},"end":{"line":9,"column":25}},"8":{"start":{"line":10,"column":2},"end":{"line":10,"column":19}},"9":{"start":{"line":11,"column":2},"end":{"line":11,"column":29}},"10":{"start":{"line":12,"column":2},"end":{"line":12,"column":33}},"11":{"start":{"line":13,"column":2},"end":{"line":13,"column":17}},"12":{"start":{"line":14,"column":2},"end":{"line":14,"column":15}},"13":{"start":{"line":15,"column":2},"end":{"line":15,"column":35}},"14":{"start":{"line":16,"column":2},"end":{"line":16,"column":37}},"15":{"start":{"line":17,"column":2},"end":{"line":17,"column":39}},"16":{"start":{"line":18,"column":2},"end":{"line":18,"column":25}},"17":{"start":{"line":19,"column":2},"end":{"line":19,"column":39}},"18":{"start":{"line":20,"column":2},"end":{"line":20,"column":23}},"19":{"start":{"line":21,"column":2},"end":{"line":21,"column":19}},"20":{"start":{"line":22,"column":2},"end":{"line":22,"column":29}},"21":{"start":{"line":23,"column":2},"end":{"line":23,"column":17}},"22":{"start":{"line":88,"column":18},"end":{"line":88,"column":29}},"23":{"start":{"line":89,"column":4},"end":{"line":91,"column":7}},"24":{"start":{"line":90,"column":6},"end":{"line":90,"column":32}},"25":{"start":{"line":92,"column":4},"end":{"line":92,"column":56}},"26":{"start":{"line":95,"column":4},"end":{"line":95,"column":47}},"27":{"start":{"line":98,"column":4},"end":{"line":98,"column":58}},"28":{"start":{"line":101,"column":4},"end":{"line":101,"column":68}},"29":{"start":{"line":108,"column":17},"end":{"line":108,"column":28}},"30":{"start":{"line":109,"column":20},"end":{"line":109,"column":31}},"31":{"start":{"line":110,"column":4},"end":{"line":113,"column":7}},"32":{"start":{"line":111,"column":6},"end":{"line":111,"column":21}},"33":{"start":{"line":112,"column":6},"end":{"line":112,"column":44}},"34":{"start":{"line":114,"column":4},"end":{"line":123,"column":6}},"35":{"start":{"line":126,"column":4},"end":{"line":126,"column":61}},"36":{"start":{"line":134,"column":4},"end":{"line":136,"column":5}},"37":{"start":{"line":135,"column":6},"end":{"line":135,"column":77}},"38":{"start":{"line":137,"column":4},"end":{"line":137,"column":61}},"39":{"start":{"line":147,"column":4},"end":{"line":157,"column":5}},"40":{"start":{"line":148,"column":6},"end":{"line":156,"column":8}},"41":{"start":{"line":158,"column":4},"end":{"line":158,"column":63}},"42":{"start":{"line":169,"column":4},"end":{"line":202,"column":5}},"43":{"start":{"line":170,"column":6},"end":{"line":181,"column":7}},"44":{"start":{"line":171,"column":8},"end":{"line":180,"column":10}},"45":{"start":{"line":182,"column":6},"end":{"line":188,"column":8}},"46":{"start":{"line":190,"column":6},"end":{"line":200,"column":7}},"47":{"start":{"line":191,"column":8},"end":{"line":199,"column":10}},"48":{"start":{"line":201,"column":6},"end":{"line":201,"column":67}},"49":{"start":{"line":205,"column":4},"end":{"line":205,"column":55}},"50":{"start":{"line":208,"column":4},"end":{"line":208,"column":58}},"51":{"start":{"line":211,"column":4},"end":{"line":211,"column":66}},"52":{"start":{"line":214,"column":4},"end":{"line":214,"column":70}},"53":{"start":{"line":217,"column":4},"end":{"line":217,"column":68}},"54":{"start":{"line":225,"column":4},"end":{"line":227,"column":5}},"55":{"start":{"line":226,"column":6},"end":{"line":226,"column":80}},"56":{"start":{"line":228,"column":4},"end":{"line":228,"column":64}},"57":{"start":{"line":231,"column":4},"end":{"line":231,"column":68}},"58":{"start":{"line":234,"column":4},"end":{"line":234,"column":58}},"59":{"start":{"line":237,"column":4},"end":{"line":237,"column":56}},"60":{"start":{"line":244,"column":17},"end":{"line":244,"column":28}},"61":{"start":{"line":245,"column":20},"end":{"line":245,"column":31}},"62":{"start":{"line":246,"column":4},"end":{"line":249,"column":7}},"63":{"start":{"line":247,"column":6},"end":{"line":247,"column":21}},"64":{"start":{"line":248,"column":6},"end":{"line":248,"column":44}},"65":{"start":{"line":250,"column":4},"end":{"line":259,"column":6}},"66":{"start":{"line":86,"column":0},"end":{"line":261,"column":1}}},"fnMap":{"0":{"name":"(anonymous_0)","decl":{"start":{"line":3,"column":0},"end":{"line":3,"column":4}},"loc":{"start":{"line":3,"column":15},"end":{"line":24,"column":1}}},"1":{"name":"(anonymous_1)","decl":{"start":{"line":87,"column":9},"end":{"line":87,"column":12}},"loc":{"start":{"line":87,"column":59},"end":{"line":93,"column":3}}},"2":{"name":"(anonymous_2)","decl":{"start":{"line":89,"column":20},"end":{"line":89,"column":21}},"loc":{"start":{"line":89,"column":40},"end":{"line":91,"column":5}}},"3":{"name":"(anonymous_3)","decl":{"start":{"line":94,"column":9},"end":{"line":94,"column":13}},"loc":{"start":{"line":94,"column":26},"end":{"line":96,"column":3}}},"4":{"name":"(anonymous_4)","decl":{"start":{"line":97,"column":9},"end":{"line":97,"column":14}},"loc":{"start":{"line":97,"column":71},"end":{"line":99,"column":3}}},"5":{"name":"(anonymous_5)","decl":{"start":{"line":100,"column":9},"end":{"line":100,"column":15}},"loc":{"start":{"line":100,"column":63},"end":{"line":102,"column":3}}},"6":{"name":"(anonymous_6)","decl":{"start":{"line":103,"column":9},"end":{"line":103,"column":19}},"loc":{"start":{"line":106,"column":36},"end":{"line":124,"column":3}}},"7":{"name":"(anonymous_7)","decl":{"start":{"line":110,"column":38},"end":{"line":110,"column":39}},"loc":{"start":{"line":110,"column":46},"end":{"line":113,"column":5}}},"8":{"name":"(anonymous_8)","decl":{"start":{"line":125,"column":9},"end":{"line":125,"column":17}},"loc":{"start":{"line":125,"column":56},"end":{"line":127,"column":3}}},"9":{"name":"(anonymous_9)","decl":{"start":{"line":128,"column":9},"end":{"line":128,"column":14}},"loc":{"start":{"line":132,"column":31},"end":{"line":138,"column":3}}},"10":{"name":"(anonymous_10)","decl":{"start":{"line":139,"column":9},"end":{"line":139,"column":19}},"loc":{"start":{"line":145,"column":18},"end":{"line":159,"column":3}}},"11":{"name":"(anonymous_11)","decl":{"start":{"line":160,"column":9},"end":{"line":160,"column":21}},"loc":{"start":{"line":167,"column":18},"end":{"line":203,"column":3}}},"12":{"name":"(anonymous_12)","decl":{"start":{"line":204,"column":9},"end":{"line":204,"column":13}},"loc":{"start":{"line":204,"column":42},"end":{"line":206,"column":3}}},"13":{"name":"(anonymous_13)","decl":{"start":{"line":207,"column":9},"end":{"line":207,"column":12}},"loc":{"start":{"line":207,"column":44},"end":{"line":209,"column":3}}},"14":{"name":"(anonymous_14)","decl":{"start":{"line":210,"column":9},"end":{"line":210,"column":22}},"loc":{"start":{"line":210,"column":61},"end":{"line":212,"column":3}}},"15":{"name":"(anonymous_15)","decl":{"start":{"line":213,"column":9},"end":{"line":213,"column":23}},"loc":{"start":{"line":213,"column":65},"end":{"line":215,"column":3}}},"16":{"name":"(anonymous_16)","decl":{"start":{"line":216,"column":9},"end":{"line":216,"column":24}},"loc":{"start":{"line":216,"column":63},"end":{"line":218,"column":3}}},"17":{"name":"(anonymous_17)","decl":{"start":{"line":219,"column":9},"end":{"line":219,"column":17}},"loc":{"start":{"line":223,"column":24},"end":{"line":229,"column":3}}},"18":{"name":"(anonymous_18)","decl":{"start":{"line":230,"column":9},"end":{"line":230,"column":24}},"loc":{"start":{"line":230,"column":63},"end":{"line":232,"column":3}}},"19":{"name":"(anonymous_19)","decl":{"start":{"line":233,"column":9},"end":{"line":233,"column":16}},"loc":{"start":{"line":233,"column":45},"end":{"line":235,"column":3}}},"20":{"name":"(anonymous_20)","decl":{"start":{"line":236,"column":9},"end":{"line":236,"column":14}},"loc":{"start":{"line":236,"column":43},"end":{"line":238,"column":3}}},"21":{"name":"(anonymous_21)","decl":{"start":{"line":239,"column":9},"end":{"line":239,"column":19}},"loc":{"start":{"line":242,"column":36},"end":{"line":260,"column":3}}},"22":{"name":"(anonymous_22)","decl":{"start":{"line":246,"column":38},"end":{"line":246,"column":39}},"loc":{"start":{"line":246,"column":46},"end":{"line":249,"column":5}}}},"branchMap":{"0":{"loc":{"start":{"line":3,"column":5},"end":{"line":3,"column":15}},"type":"binary-expr","locations":[{"start":{"line":3,"column":5},"end":{"line":3,"column":15}},{"start":{"line":3,"column":5},"end":{"line":3,"column":15}}]},"1":{"loc":{"start":{"line":132,"column":26},"end":{"line":132,"column":31}},"type":"default-arg","locations":[{"start":{"line":132,"column":26},"end":{"line":132,"column":31}}]},"2":{"loc":{"start":{"line":134,"column":4},"end":{"line":136,"column":5}},"type":"if","locations":[{"start":{"line":134,"column":4},"end":{"line":136,"column":5}},{"start":{"line":134,"column":4},"end":{"line":136,"column":5}}]},"3":{"loc":{"start":{"line":143,"column":21},"end":{"line":143,"column":26}},"type":"default-arg","locations":[{"start":{"line":143,"column":21},"end":{"line":143,"column":26}}]},"4":{"loc":{"start":{"line":147,"column":4},"end":{"line":157,"column":5}},"type":"if","locations":[{"start":{"line":147,"column":4},"end":{"line":157,"column":5}},{"start":{"line":147,"column":4},"end":{"line":157,"column":5}}]},"5":{"loc":{"start":{"line":147,"column":8},"end":{"line":147,"column":13}},"type":"binary-expr","locations":[{"start":{"line":147,"column":8},"end":{"line":147,"column":13}},{"start":{"line":147,"column":17},"end":{"line":147,"column":43}},{"start":{"line":147,"column":47},"end":{"line":147,"column":72}}]},"6":{"loc":{"start":{"line":169,"column":4},"end":{"line":202,"column":5}},"type":"if","locations":[{"start":{"line":169,"column":4},"end":{"line":202,"column":5}},{"start":{"line":169,"column":4},"end":{"line":202,"column":5}}]},"7":{"loc":{"start":{"line":170,"column":6},"end":{"line":181,"column":7}},"type":"if","locations":[{"start":{"line":170,"column":6},"end":{"line":181,"column":7}},{"start":{"line":170,"column":6},"end":{"line":181,"column":7}}]},"8":{"loc":{"start":{"line":170,"column":10},"end":{"line":170,"column":15}},"type":"binary-expr","locations":[{"start":{"line":170,"column":10},"end":{"line":170,"column":15}},{"start":{"line":170,"column":19},"end":{"line":170,"column":45}},{"start":{"line":170,"column":49},"end":{"line":170,"column":74}}]},"9":{"loc":{"start":{"line":190,"column":6},"end":{"line":200,"column":7}},"type":"if","locations":[{"start":{"line":190,"column":6},"end":{"line":200,"column":7}},{"start":{"line":190,"column":6},"end":{"line":200,"column":7}}]},"10":{"loc":{"start":{"line":190,"column":10},"end":{"line":190,"column":15}},"type":"binary-expr","locations":[{"start":{"line":190,"column":10},"end":{"line":190,"column":15}},{"start":{"line":190,"column":19},"end":{"line":190,"column":45}},{"start":{"line":190,"column":49},"end":{"line":190,"column":74}}]},"11":{"loc":{"start":{"line":225,"column":4},"end":{"line":227,"column":5}},"type":"if","locations":[{"start":{"line":225,"column":4},"end":{"line":227,"column":5}},{"start":{"line":225,"column":4},"end":{"line":227,"column":5}}]}},"s":{"0":1,"1":1,"2":1,"3":1,"4":1,"5":1,"6":1,"7":1,"8":1,"9":1,"10":1,"11":1,"12":1,"13":1,"14":1,"15":1,"16":1,"17":1,"18":1,"19":1,"20":1,"21":1,"22":1,"23":1,"24":5,"25":1,"26":0,"27":0,"28":0,"29":0,"30":0,"31":0,"32":0,"33":0,"34":0,"35":0,"36":0,"37":0,"38":0,"39":0,"40":0,"41":0,"42":0,"43":0,"44":0,"45":0,"46":0,"47":0,"48":0,"49":0,"50":0,"51":0,"52":0,"53":0,"54":0,"55":0,"56":0,"57":0,"58":0,"59":0,"60":0,"61":0,"62":0,"63":0,"64":0,"65":0,"66":1},"f":{"0":1,"1":1,"2":5,"3":0,"4":0,"5":0,"6":0,"7":0,"8":0,"9":0,"10":0,"11":0,"12":0,"13":0,"14":0,"15":0,"16":0,"17":0,"18":0,"19":0,"20":0,"21":0,"22":0},"b":{"0":[1,1],"1":[0],"2":[0,0],"3":[0],"4":[0,0],"5":[0,0,0],"6":[0,0],"7":[0,0],"8":[0,0,0],"9":[0,0],"10":[0,0,0],"11":[0,0]}}
,"/Users/g.o/Documents/space-pkg/tedis/tools/index.ts": {"path":"/Users/g.o/Documents/space-pkg/tedis/tools/index.ts","statementMap":{"0":{"start":{"line":2,"column":2},"end":{"line":6,"column":5}},"1":{"start":{"line":3,"column":4},"end":{"line":5,"column":23}},"2":{"start":{"line":4,"column":6},"end":{"line":4,"column":16}},"3":{"start":{"line":1,"column":0},"end":{"line":7,"column":1}},"4":{"start":{"line":9,"column":13},"end":{"line":12,"column":2}}},"fnMap":{"0":{"name":"sleep","decl":{"start":{"line":1,"column":16},"end":{"line":1,"column":21}},"loc":{"start":{"line":1,"column":37},"end":{"line":7,"column":1}}},"1":{"name":"(anonymous_1)","decl":{"start":{"line":2,"column":21},"end":{"line":2,"column":22}},"loc":{"start":{"line":2,"column":41},"end":{"line":6,"column":3}}},"2":{"name":"(anonymous_2)","decl":{"start":{"line":3,"column":15},"end":{"line":3,"column":17}},"loc":{"start":{"line":3,"column":20},"end":{"line":5,"column":5}}}},"branchMap":{},"s":{"0":1,"1":1,"2":1,"3":1,"4":1},"f":{"0":1,"1":1,"2":1},"b":{}}
}
