TN:
SF:/Users/g.o/Documents/space-pkg/tedis/src/main.ts
FN:21,Mixins
FN:23,(anonymous_1)
FN:24,(anonymous_2)
FNF:3
FNH:3
FNDA:1,Mixins
FNDA:6,(anonymous_1)
FNDA:105,(anonymous_2)
DA:1,1
DA:3,1
DA:4,1
DA:5,1
DA:6,1
DA:7,1
DA:8,1
DA:23,1
DA:24,6
DA:25,105
DA:28,1
DA:31,1
DA:42,1
LF:13
LH:13
BRF:0
BRH:0
end_of_record
TN:
SF:/Users/g.o/Documents/space-pkg/tedis/src/common/base.ts
FN:14,(anonymous_1)
FN:18,(anonymous_2)
FN:22,(anonymous_3)
FN:25,(anonymous_4)
FN:29,(anonymous_5)
FN:32,(anonymous_6)
FN:36,(anonymous_7)
FN:39,(anonymous_8)
FN:42,(anonymous_9)
FN:43,(anonymous_10)
FN:44,(anonymous_11)
FN:51,(anonymous_12)
FNF:12
FNH:8
FNDA:1,(anonymous_1)
FNDA:0,(anonymous_2)
FNDA:1,(anonymous_3)
FNDA:6,(anonymous_4)
FNDA:0,(anonymous_5)
FNDA:0,(anonymous_6)
FNDA:0,(anonymous_7)
FNDA:1,(anonymous_8)
FNDA:6,(anonymous_9)
FNDA:6,(anonymous_10)
FNDA:6,(anonymous_11)
FNDA:6,(anonymous_12)
DA:1,1
DA:2,1
DA:10,1
DA:15,1
DA:16,1
DA:17,1
DA:18,1
DA:20,0
DA:22,1
DA:25,1
DA:27,6
DA:29,1
DA:32,1
DA:40,1
DA:43,6
DA:44,6
DA:45,6
DA:47,6
DA:48,6
DA:52,6
DA:54,6
DA:55,12
DA:56,12
DA:57,6
DA:59,6
LF:25
LH:24
BRDA:45,0,0,0
BRDA:45,0,1,6
BRDA:56,1,0,6
BRDA:56,1,1,6
BRF:4
BRH:3
end_of_record
TN:
SF:/Users/g.o/Documents/space-pkg/tedis/src/common/protocol.ts
FN:7,(anonymous_0)
FN:18,(anonymous_1)
FN:23,(anonymous_2)
FN:119,(anonymous_3)
FNF:4
FNH:4
FNDA:2,(anonymous_0)
FNDA:6,(anonymous_1)
FNDA:12,(anonymous_2)
FNDA:9,(anonymous_3)
DA:3,2
DA:8,2
DA:9,2
DA:10,2
DA:19,6
DA:20,6
DA:21,6
DA:24,12
DA:31,12
DA:35,6
DA:37,6
DA:38,6
DA:40,2
DA:44,2
DA:45,2
DA:47,0
DA:51,0
DA:52,0
DA:54,3
DA:58,3
DA:59,3
DA:61,0
DA:62,0
DA:66,0
DA:67,0
DA:71,0
DA:73,0
DA:74,0
DA:79,0
DA:81,1
DA:82,1
DA:83,0
DA:87,0
DA:89,1
DA:91,1
DA:96,5
DA:97,0
DA:98,5
DA:99,0
DA:100,5
DA:101,0
DA:102,0
DA:104,5
DA:107,1
DA:108,1
DA:110,0
DA:113,1
DA:115,0
DA:120,9
DA:122,9
DA:123,9
DA:124,52
DA:125,52
DA:126,36
DA:127,16
DA:128,16
DA:129,16
DA:131,0
DA:134,9
LF:59
LH:39
BRDA:31,0,0,6
BRDA:31,0,1,6
BRDA:32,1,0,12
BRDA:32,1,1,6
BRDA:32,1,2,5
BRDA:39,2,0,2
BRDA:39,2,1,0
BRDA:39,2,2,3
BRDA:39,2,3,0
BRDA:39,2,4,1
BRDA:39,2,5,0
BRDA:61,3,0,0
BRDA:61,3,1,0
BRDA:67,4,0,0
BRDA:67,4,1,0
BRDA:68,5,0,0
BRDA:68,5,1,0
BRDA:68,5,2,0
BRDA:82,6,0,0
BRDA:82,6,1,1
BRDA:93,7,0,6
BRDA:93,7,1,5
BRDA:96,8,0,0
BRDA:96,8,1,5
BRDA:98,9,0,0
BRDA:98,9,1,5
BRDA:100,10,0,0
BRDA:100,10,1,5
BRDA:107,11,0,1
BRDA:107,11,1,0
BRDA:125,12,0,36
BRDA:125,12,1,16
BRDA:127,13,0,16
BRDA:127,13,1,0
BRF:34
BRH:18
end_of_record
TN:
SF:/Users/g.o/Documents/space-pkg/tedis/src/data-types/hash.ts
FN:3,(anonymous_0)
FN:43,(anonymous_1)
FN:46,(anonymous_2)
FN:49,(anonymous_3)
FN:52,(anonymous_4)
FN:55,(anonymous_5)
FN:58,(anonymous_6)
FN:61,(anonymous_7)
FN:64,(anonymous_8)
FN:67,(anonymous_9)
FN:70,(anonymous_10)
FN:77,(anonymous_11)
FN:82,(anonymous_12)
FN:85,(anonymous_13)
FN:88,(anonymous_14)
FNF:15
FNH:3
FNDA:1,(anonymous_0)
FNDA:0,(anonymous_1)
FNDA:0,(anonymous_2)
FNDA:0,(anonymous_3)
FNDA:0,(anonymous_4)
FNDA:0,(anonymous_5)
FNDA:0,(anonymous_6)
FNDA:0,(anonymous_7)
FNDA:0,(anonymous_8)
FNDA:0,(anonymous_9)
FNDA:1,(anonymous_10)
FNDA:2,(anonymous_11)
FNDA:0,(anonymous_12)
FNDA:0,(anonymous_13)
FNDA:0,(anonymous_14)
DA:1,1
DA:3,1
DA:4,1
DA:5,1
DA:6,1
DA:7,1
DA:8,1
DA:9,1
DA:10,1
DA:11,1
DA:12,1
DA:13,1
DA:14,1
DA:15,1
DA:16,1
DA:17,1
DA:42,1
DA:44,0
DA:47,0
DA:50,0
DA:53,0
DA:56,0
DA:59,0
DA:62,0
DA:65,0
DA:68,0
DA:76,1
DA:77,1
DA:78,2
DA:80,1
DA:83,0
DA:86,0
DA:89,0
LF:33
LH:21
BRDA:3,0,0,1
BRDA:3,0,1,1
BRF:2
BRH:2
end_of_record
TN:
SF:/Users/g.o/Documents/space-pkg/tedis/src/data-types/key.ts
FN:3,(anonymous_0)
FN:42,(anonymous_1)
FN:45,(anonymous_2)
FN:48,(anonymous_3)
FN:51,(anonymous_4)
FN:54,(anonymous_5)
FN:57,(anonymous_6)
FN:60,(anonymous_7)
FN:63,(anonymous_8)
FN:66,(anonymous_9)
FN:69,(anonymous_10)
FN:72,(anonymous_11)
FN:75,(anonymous_12)
FN:78,(anonymous_13)
FN:81,(anonymous_14)
FN:84,(anonymous_15)
FN:87,(anonymous_16)
FNF:17
FNH:2
FNDA:1,(anonymous_0)
FNDA:0,(anonymous_1)
FNDA:0,(anonymous_2)
FNDA:0,(anonymous_3)
FNDA:0,(anonymous_4)
FNDA:0,(anonymous_5)
FNDA:0,(anonymous_6)
FNDA:0,(anonymous_7)
FNDA:1,(anonymous_8)
FNDA:0,(anonymous_9)
FNDA:0,(anonymous_10)
FNDA:0,(anonymous_11)
FNDA:0,(anonymous_12)
FNDA:0,(anonymous_13)
FNDA:0,(anonymous_14)
FNDA:0,(anonymous_15)
FNDA:0,(anonymous_16)
DA:1,1
DA:3,1
DA:4,1
DA:5,1
DA:6,1
DA:7,1
DA:8,1
DA:9,1
DA:10,1
DA:11,1
DA:12,1
DA:13,1
DA:14,1
DA:15,1
DA:16,1
DA:17,1
DA:18,1
DA:19,1
DA:41,1
DA:43,0
DA:46,0
DA:49,0
DA:52,0
DA:55,0
DA:58,0
DA:61,0
DA:64,1
DA:67,0
DA:70,0
DA:73,0
DA:76,0
DA:79,0
DA:82,0
DA:85,0
DA:88,0
LF:35
LH:20
BRDA:3,0,0,1
BRDA:3,0,1,1
BRF:2
BRH:2
end_of_record
TN:
SF:/Users/g.o/Documents/space-pkg/tedis/src/data-types/list.ts
FN:3,(anonymous_0)
FN:53,(anonymous_1)
FN:59,(anonymous_2)
FN:65,(anonymous_3)
FN:73,(anonymous_4)
FN:76,(anonymous_5)
FN:84,(anonymous_6)
FN:87,(anonymous_7)
FN:90,(anonymous_8)
FN:93,(anonymous_9)
FN:96,(anonymous_10)
FN:104,(anonymous_11)
FN:107,(anonymous_12)
FN:110,(anonymous_13)
FN:118,(anonymous_14)
FN:121,(anonymous_15)
FN:124,(anonymous_16)
FN:127,(anonymous_17)
FNF:18
FNH:2
FNDA:1,(anonymous_0)
FNDA:0,(anonymous_1)
FNDA:0,(anonymous_2)
FNDA:0,(anonymous_3)
FNDA:0,(anonymous_4)
FNDA:0,(anonymous_5)
FNDA:0,(anonymous_6)
FNDA:0,(anonymous_7)
FNDA:1,(anonymous_8)
FNDA:0,(anonymous_9)
FNDA:0,(anonymous_10)
FNDA:0,(anonymous_11)
FNDA:0,(anonymous_12)
FNDA:0,(anonymous_13)
FNDA:0,(anonymous_14)
FNDA:0,(anonymous_15)
FNDA:0,(anonymous_16)
FNDA:0,(anonymous_17)
DA:1,1
DA:3,1
DA:4,1
DA:5,1
DA:6,1
DA:7,1
DA:8,1
DA:9,1
DA:10,1
DA:11,1
DA:12,1
DA:13,1
DA:14,1
DA:15,1
DA:16,1
DA:17,1
DA:18,1
DA:19,1
DA:20,1
DA:52,1
DA:54,0
DA:55,0
DA:57,0
DA:60,0
DA:61,0
DA:63,0
DA:66,0
DA:74,0
DA:82,0
DA:85,0
DA:88,0
DA:91,1
DA:94,0
DA:97,0
DA:105,0
DA:108,0
DA:111,0
DA:119,0
DA:122,0
DA:125,0
DA:128,0
LF:41
LH:21
BRDA:3,0,0,1
BRDA:3,0,1,1
BRDA:54,1,0,0
BRDA:54,1,1,0
BRDA:60,2,0,0
BRDA:60,2,1,0
BRF:6
BRH:2
end_of_record
TN:
SF:/Users/g.o/Documents/space-pkg/tedis/src/data-types/set.ts
FN:3,(anonymous_0)
FN:40,(anonymous_1)
FN:43,(anonymous_2)
FN:46,(anonymous_3)
FN:49,(anonymous_4)
FN:52,(anonymous_5)
FN:55,(anonymous_6)
FN:58,(anonymous_7)
FN:61,(anonymous_8)
FN:64,(anonymous_9)
FN:67,(anonymous_10)
FN:74,(anonymous_11)
FN:81,(anonymous_12)
FN:84,(anonymous_13)
FN:87,(anonymous_14)
FNF:15
FNH:2
FNDA:1,(anonymous_0)
FNDA:1,(anonymous_1)
FNDA:0,(anonymous_2)
FNDA:0,(anonymous_3)
FNDA:0,(anonymous_4)
FNDA:0,(anonymous_5)
FNDA:0,(anonymous_6)
FNDA:0,(anonymous_7)
FNDA:0,(anonymous_8)
FNDA:0,(anonymous_9)
FNDA:0,(anonymous_10)
FNDA:0,(anonymous_11)
FNDA:0,(anonymous_12)
FNDA:0,(anonymous_13)
FNDA:0,(anonymous_14)
DA:1,1
DA:3,1
DA:4,1
DA:5,1
DA:6,1
DA:7,1
DA:8,1
DA:9,1
DA:10,1
DA:11,1
DA:12,1
DA:13,1
DA:14,1
DA:15,1
DA:16,1
DA:17,1
DA:18,1
DA:39,1
DA:41,1
DA:44,0
DA:47,0
DA:50,0
DA:53,0
DA:56,0
DA:59,0
DA:62,0
DA:65,0
DA:68,0
DA:69,0
DA:71,0
DA:75,0
DA:76,0
DA:78,0
DA:82,0
DA:85,0
DA:88,0
LF:36
LH:19
BRDA:3,0,0,1
BRDA:3,0,1,1
BRDA:68,1,0,0
BRDA:68,1,1,0
BRDA:75,2,0,0
BRDA:75,2,1,0
BRF:6
BRH:2
end_of_record
TN:
SF:/Users/g.o/Documents/space-pkg/tedis/src/data-types/string.ts
FN:3,(anonymous_0)
FN:50,(anonymous_1)
FN:53,(anonymous_2)
FN:56,(anonymous_3)
FN:59,(anonymous_4)
FN:62,(anonymous_5)
FN:65,(anonymous_6)
FN:68,(anonymous_7)
FN:71,(anonymous_8)
FN:74,(anonymous_9)
FN:77,(anonymous_10)
FN:80,(anonymous_11)
FN:83,(anonymous_12)
FN:85,(anonymous_13)
FN:90,(anonymous_14)
FN:92,(anonymous_15)
FN:97,(anonymous_16)
FN:100,(anonymous_17)
FN:103,(anonymous_18)
FN:106,(anonymous_19)
FN:109,(anonymous_20)
FN:112,(anonymous_21)
FN:115,(anonymous_22)
FNF:23
FNH:2
FNDA:1,(anonymous_0)
FNDA:1,(anonymous_1)
FNDA:0,(anonymous_2)
FNDA:0,(anonymous_3)
FNDA:0,(anonymous_4)
FNDA:0,(anonymous_5)
FNDA:0,(anonymous_6)
FNDA:0,(anonymous_7)
FNDA:0,(anonymous_8)
FNDA:0,(anonymous_9)
FNDA:0,(anonymous_10)
FNDA:0,(anonymous_11)
FNDA:0,(anonymous_12)
FNDA:0,(anonymous_13)
FNDA:0,(anonymous_14)
FNDA:0,(anonymous_15)
FNDA:0,(anonymous_16)
FNDA:0,(anonymous_17)
FNDA:0,(anonymous_18)
FNDA:0,(anonymous_19)
FNDA:0,(anonymous_20)
FNDA:0,(anonymous_21)
FNDA:0,(anonymous_22)
DA:1,1
DA:3,1
DA:4,1
DA:5,1
DA:6,1
DA:7,1
DA:8,1
DA:9,1
DA:10,1
DA:11,1
DA:12,1
DA:13,1
DA:14,1
DA:15,1
DA:16,1
DA:17,1
DA:18,1
DA:19,1
DA:20,1
DA:21,1
DA:22,1
DA:23,1
DA:49,1
DA:51,1
DA:54,0
DA:57,0
DA:60,0
DA:63,0
DA:66,0
DA:69,0
DA:72,0
DA:75,0
DA:78,0
DA:81,0
DA:84,0
DA:85,0
DA:86,0
DA:88,0
DA:91,0
DA:92,0
DA:93,0
DA:95,0
DA:98,0
DA:101,0
DA:104,0
DA:107,0
DA:110,0
DA:113,0
DA:116,0
LF:49
LH:24
BRDA:3,0,0,1
BRDA:3,0,1,1
BRDA:56,1,0,0
BRF:3
BRH:2
end_of_record
TN:
SF:/Users/g.o/Documents/space-pkg/tedis/src/data-types/zset.ts
FN:3,(anonymous_0)
FN:87,(anonymous_1)
FN:89,(anonymous_2)
FN:94,(anonymous_3)
FN:97,(anonymous_4)
FN:100,(anonymous_5)
FN:103,(anonymous_6)
FN:110,(anonymous_7)
FN:125,(anonymous_8)
FN:128,(anonymous_9)
FN:139,(anonymous_10)
FN:160,(anonymous_11)
FN:204,(anonymous_12)
FN:207,(anonymous_13)
FN:210,(anonymous_14)
FN:213,(anonymous_15)
FN:216,(anonymous_16)
FN:219,(anonymous_17)
FN:230,(anonymous_18)
FN:233,(anonymous_19)
FN:236,(anonymous_20)
FN:239,(anonymous_21)
FN:246,(anonymous_22)
FNF:23
FNH:3
FNDA:1,(anonymous_0)
FNDA:1,(anonymous_1)
FNDA:5,(anonymous_2)
FNDA:0,(anonymous_3)
FNDA:0,(anonymous_4)
FNDA:0,(anonymous_5)
FNDA:0,(anonymous_6)
FNDA:0,(anonymous_7)
FNDA:0,(anonymous_8)
FNDA:0,(anonymous_9)
FNDA:0,(anonymous_10)
FNDA:0,(anonymous_11)
FNDA:0,(anonymous_12)
FNDA:0,(anonymous_13)
FNDA:0,(anonymous_14)
FNDA:0,(anonymous_15)
FNDA:0,(anonymous_16)
FNDA:0,(anonymous_17)
FNDA:0,(anonymous_18)
FNDA:0,(anonymous_19)
FNDA:0,(anonymous_20)
FNDA:0,(anonymous_21)
FNDA:0,(anonymous_22)
DA:1,1
DA:3,1
DA:4,1
DA:5,1
DA:6,1
DA:7,1
DA:8,1
DA:9,1
DA:10,1
DA:11,1
DA:12,1
DA:13,1
DA:14,1
DA:15,1
DA:16,1
DA:17,1
DA:18,1
DA:19,1
DA:20,1
DA:21,1
DA:22,1
DA:23,1
DA:86,1
DA:88,1
DA:89,1
DA:90,5
DA:92,1
DA:95,0
DA:98,0
DA:101,0
DA:108,0
DA:109,0
DA:110,0
DA:111,0
DA:112,0
DA:114,0
DA:126,0
DA:134,0
DA:135,0
DA:137,0
DA:147,0
DA:148,0
DA:158,0
DA:169,0
DA:170,0
DA:171,0
DA:182,0
DA:190,0
DA:191,0
DA:201,0
DA:205,0
DA:208,0
DA:211,0
DA:214,0
DA:217,0
DA:225,0
DA:226,0
DA:228,0
DA:231,0
DA:234,0
DA:237,0
DA:244,0
DA:245,0
DA:246,0
DA:247,0
DA:248,0
DA:250,0
LF:67
LH:27
BRDA:3,0,0,1
BRDA:3,0,1,1
BRDA:132,1,0,0
BRDA:134,2,0,0
BRDA:134,2,1,0
BRDA:143,3,0,0
BRDA:147,4,0,0
BRDA:147,4,1,0
BRDA:147,5,0,0
BRDA:147,5,1,0
BRDA:147,5,2,0
BRDA:169,6,0,0
BRDA:169,6,1,0
BRDA:170,7,0,0
BRDA:170,7,1,0
BRDA:170,8,0,0
BRDA:170,8,1,0
BRDA:170,8,2,0
BRDA:190,9,0,0
BRDA:190,9,1,0
BRDA:190,10,0,0
BRDA:190,10,1,0
BRDA:190,10,2,0
BRDA:225,11,0,0
BRDA:225,11,1,0
BRF:25
BRH:2
end_of_record
TN:
SF:/Users/g.o/Documents/space-pkg/tedis/tools/index.ts
FN:1,sleep
FN:2,(anonymous_1)
FN:3,(anonymous_2)
FNF:3
FNH:3
FNDA:1,sleep
FNDA:1,(anonymous_1)
FNDA:1,(anonymous_2)
DA:1,1
DA:2,1
DA:3,1
DA:4,1
DA:9,1
LF:5
LH:5
BRF:0
BRH:0
end_of_record
